<?xml version="1.0" encoding="UTF-8"?>
<testsuite xmlns:xsi="http://www.w3.org/2001/XMLSchema-instance" xsi:noNamespaceSchemaLocation="https://maven.apache.org/surefire/maven-surefire-plugin/xsd/surefire-test-report-3.0.xsd" version="3.0" name="com.qa.nal.SearchTests" time="252.149" tests="12" errors="0" skipped="0" failures="1">
  <properties>
    <property name="java.specification.version" value="24"/>
    <property name="sun.cpu.isalist" value="amd64"/>
    <property name="sun.jnu.encoding" value="Cp1252"/>
    <property name="QASE_CREATE_MISSING_CASES" value="true"/>
    <property name="java.class.path" value="C:\IntelligentSearchProject\search\target\test-classes;C:\IntelligentSearchProject\search\target\classes;C:\Users\abhay\.m2\repository\org\junit\jupiter\junit-jupiter\5.11.2\junit-jupiter-5.11.2.jar;C:\Users\abhay\.m2\repository\org\junit\jupiter\junit-jupiter-api\5.11.2\junit-jupiter-api-5.11.2.jar;C:\Users\abhay\.m2\repository\org\junit\platform\junit-platform-commons\1.11.2\junit-platform-commons-1.11.2.jar;C:\Users\abhay\.m2\repository\org\apiguardian\apiguardian-api\1.1.2\apiguardian-api-1.1.2.jar;C:\Users\abhay\.m2\repository\org\junit\jupiter\junit-jupiter-params\5.11.2\junit-jupiter-params-5.11.2.jar;C:\Users\abhay\.m2\repository\org\junit\jupiter\junit-jupiter-engine\5.11.2\junit-jupiter-engine-5.11.2.jar;C:\Users\abhay\.m2\repository\org\junit\platform\junit-platform-engine\1.11.2\junit-platform-engine-1.11.2.jar;C:\Users\abhay\.m2\repository\io\qase\qase-junit5-reporter\4.0.0\qase-junit5-reporter-4.0.0.jar;C:\Users\abhay\.m2\repository\io\qase\qase-java-commons\4.0.0\qase-java-commons-4.0.0.jar;C:\Users\abhay\.m2\repository\io\qase\qase-api-client\4.0.0\qase-api-client-4.0.0.jar;C:\Users\abhay\.m2\repository\com\squareup\okhttp3\okhttp\4.12.0\okhttp-4.12.0.jar;C:\Users\abhay\.m2\repository\com\squareup\okio\okio\3.6.0\okio-3.6.0.jar;C:\Users\abhay\.m2\repository\com\squareup\okio\okio-jvm\3.6.0\okio-jvm-3.6.0.jar;C:\Users\abhay\.m2\repository\org\apache\commons\commons-lang3\3.13.0\commons-lang3-3.13.0.jar;C:\Users\abhay\.m2\repository\org\apache\httpcomponents\httpmime\4.3.1\httpmime-4.3.1.jar;C:\Users\abhay\.m2\repository\org\apache\httpcomponents\httpclient\4.3.1\httpclient-4.3.1.jar;C:\Users\abhay\.m2\repository\org\apache\httpcomponents\httpcore\4.3\httpcore-4.3.jar;C:\Users\abhay\.m2\repository\commons-logging\commons-logging\1.1.3\commons-logging-1.1.3.jar;C:\Users\abhay\.m2\repository\org\aspectj\aspectjrt\1.8.9\aspectjrt-1.8.9.jar;C:\Users\abhay\.m2\repository\org\json\json\20231013\json-20231013.jar;C:\Users\abhay\.m2\repository\org\junit\platform\junit-platform-launcher\1.6.2\junit-platform-launcher-1.6.2.jar;C:\Users\abhay\.m2\repository\org\projectlombok\lombok\1.18.34\lombok-1.18.34.jar;C:\Users\abhay\.m2\repository\ch\qos\logback\logback-core\1.2.13\logback-core-1.2.13.jar;C:\Users\abhay\.m2\repository\ch\qos\logback\logback-classic\1.2.13\logback-classic-1.2.13.jar;C:\Users\abhay\.m2\repository\org\slf4j\slf4j-api\1.7.32\slf4j-api-1.7.32.jar;C:\Users\abhay\.m2\repository\io\qase\qase-junit5\3.2.1\qase-junit5-3.2.1.jar;C:\Users\abhay\.m2\repository\io\qase\qase-api\3.2.1\qase-api-3.2.1.jar;C:\Users\abhay\.m2\repository\org\openapitools\jackson-databind-nullable\0.2.4\jackson-databind-nullable-0.2.4.jar;C:\Users\abhay\.m2\repository\com\fasterxml\jackson\core\jackson-databind\2.14.0-rc2\jackson-databind-2.14.0-rc2.jar;C:\Users\abhay\.m2\repository\com\fasterxml\jackson\core\jackson-annotations\2.14.0-rc2\jackson-annotations-2.14.0-rc2.jar;C:\Users\abhay\.m2\repository\com\fasterxml\jackson\core\jackson-core\2.14.0-rc2\jackson-core-2.14.0-rc2.jar;C:\Users\abhay\.m2\repository\com\google\code\findbugs\jsr305\3.0.2\jsr305-3.0.2.jar;C:\Users\abhay\.m2\repository\javax\annotation\javax.annotation-api\1.3.2\javax.annotation-api-1.3.2.jar;C:\Users\abhay\.m2\repository\io\swagger\swagger-annotations\1.6.8\swagger-annotations-1.6.8.jar;C:\Users\abhay\.m2\repository\io\gsonfire\gson-fire\1.8.5\gson-fire-1.8.5.jar;C:\Users\abhay\.m2\repository\com\squareup\okhttp3\logging-interceptor\4.10.0\logging-interceptor-4.10.0.jar;C:\Users\abhay\.m2\repository\org\jetbrains\kotlin\kotlin-stdlib-jdk8\1.6.10\kotlin-stdlib-jdk8-1.6.10.jar;C:\Users\abhay\.m2\repository\org\jetbrains\kotlin\kotlin-stdlib\1.6.10\kotlin-stdlib-1.6.10.jar;C:\Users\abhay\.m2\repository\org\jetbrains\annotations\13.0\annotations-13.0.jar;C:\Users\abhay\.m2\repository\org\jetbrains\kotlin\kotlin-stdlib-common\1.6.10\kotlin-stdlib-common-1.6.10.jar;C:\Users\abhay\.m2\repository\org\jetbrains\kotlin\kotlin-stdlib-jdk7\1.6.10\kotlin-stdlib-jdk7-1.6.10.jar;C:\Users\abhay\.m2\repository\org\aeonbits\owner\owner-java8\1.0.12\owner-java8-1.0.12.jar;C:\Users\abhay\.m2\repository\org\aeonbits\owner\owner\1.0.12\owner-1.0.12.jar;C:\Users\abhay\.m2\repository\com\konghq\unirest-java\3.4.00\unirest-java-3.4.00.jar;C:\Users\abhay\.m2\repository\org\apache\httpcomponents\httpcore-nio\4.4.11\httpcore-nio-4.4.11.jar;C:\Users\abhay\.m2\repository\org\apache\httpcomponents\httpasyncclient\4.1.4\httpasyncclient-4.1.4.jar;C:\Users\abhay\.m2\repository\com\google\inject\guice\5.1.0\guice-5.1.0.jar;C:\Users\abhay\.m2\repository\javax\inject\javax.inject\1\javax.inject-1.jar;C:\Users\abhay\.m2\repository\aopalliance\aopalliance\1.0\aopalliance-1.0.jar;C:\Users\abhay\.m2\repository\com\google\guava\guava\30.1-jre\guava-30.1-jre.jar;C:\Users\abhay\.m2\repository\com\google\guava\failureaccess\1.0.1\failureaccess-1.0.1.jar;C:\Users\abhay\.m2\repository\com\google\guava\listenablefuture\9999.0-empty-to-avoid-conflict-with-guava\listenablefuture-9999.0-empty-to-avoid-conflict-with-guava.jar;C:\Users\abhay\.m2\repository\org\checkerframework\checker-qual\3.5.0\checker-qual-3.5.0.jar;C:\Users\abhay\.m2\repository\com\google\j2objc\j2objc-annotations\1.3\j2objc-annotations-1.3.jar;C:\Users\abhay\.m2\repository\javax\ws\rs\jsr311-api\1.1.1\jsr311-api-1.1.1.jar;C:\Users\abhay\.m2\repository\javax\ws\rs\javax.ws.rs-api\2.1.1\javax.ws.rs-api-2.1.1.jar;C:\Users\abhay\.m2\repository\com\microsoft\playwright\playwright\1.52.0\playwright-1.52.0.jar;C:\Users\abhay\.m2\repository\com\google\code\gson\gson\2.12.1\gson-2.12.1.jar;C:\Users\abhay\.m2\repository\com\google\errorprone\error_prone_annotations\2.36.0\error_prone_annotations-2.36.0.jar;C:\Users\abhay\.m2\repository\org\opentest4j\opentest4j\1.3.0\opentest4j-1.3.0.jar;C:\Users\abhay\.m2\repository\com\microsoft\playwright\driver\1.52.0\driver-1.52.0.jar;C:\Users\abhay\.m2\repository\com\microsoft\playwright\driver-bundle\1.52.0\driver-bundle-1.52.0.jar;C:\Users\abhay\.m2\repository\io\github\cdimascio\dotenv-java\3.0.0\dotenv-java-3.0.0.jar;C:\Users\abhay\.m2\repository\org\slf4j\slf4j-simple\2.0.12\slf4j-simple-2.0.12.jar;C:\Users\abhay\.m2\repository\org\apache\poi\poi\5.2.5\poi-5.2.5.jar;C:\Users\abhay\.m2\repository\commons-codec\commons-codec\1.16.0\commons-codec-1.16.0.jar;C:\Users\abhay\.m2\repository\org\apache\commons\commons-collections4\4.4\commons-collections4-4.4.jar;C:\Users\abhay\.m2\repository\org\apache\commons\commons-math3\3.6.1\commons-math3-3.6.1.jar;C:\Users\abhay\.m2\repository\commons-io\commons-io\2.15.0\commons-io-2.15.0.jar;C:\Users\abhay\.m2\repository\com\zaxxer\SparseBitSet\1.3\SparseBitSet-1.3.jar;C:\Users\abhay\.m2\repository\org\apache\logging\log4j\log4j-api\2.21.1\log4j-api-2.21.1.jar;C:\Users\abhay\.m2\repository\org\apache\poi\poi-ooxml\5.2.5\poi-ooxml-5.2.5.jar;C:\Users\abhay\.m2\repository\org\apache\poi\poi-ooxml-lite\5.2.5\poi-ooxml-lite-5.2.5.jar;C:\Users\abhay\.m2\repository\org\apache\xmlbeans\xmlbeans\5.2.0\xmlbeans-5.2.0.jar;C:\Users\abhay\.m2\repository\org\apache\commons\commons-compress\1.25.0\commons-compress-1.25.0.jar;C:\Users\abhay\.m2\repository\com\github\virtuald\curvesapi\1.08\curvesapi-1.08.jar;"/>
    <property name="java.vm.vendor" value="Oracle Corporation"/>
    <property name="sun.arch.data.model" value="64"/>
    <property name="user.variant" value=""/>
    <property name="java.vendor.url" value="https://java.oracle.com/"/>
    <property name="user.timezone" value="Asia/Calcutta"/>
    <property name="os.name" value="Windows 11"/>
    <property name="java.vm.specification.version" value="24"/>
    <property name="sun.java.launcher" value="SUN_STANDARD"/>
    <property name="user.country" value="IN"/>
    <property name="sun.boot.library.path" value="C:\Program Files\Java\jdk-24\bin"/>
    <property name="QASE_ENVIRONMENT" value="medtronic-dev"/>
    <property name="sun.java.command" value="C:\Users\abhay\AppData\Local\Temp\surefire15660338102257426982\surefirebooter11069936642307315571.jar C:\Users\abhay\AppData\Local\Temp\surefire15660338102257426982 2025-07-01T10-21-00_812-jvmRun1 surefire17297213274730447556tmp surefire_02019110913882536276tmp"/>
    <property name="jdk.debug" value="release"/>
    <property name="surefire.test.class.path" value="C:\IntelligentSearchProject\search\target\test-classes;C:\IntelligentSearchProject\search\target\classes;C:\Users\abhay\.m2\repository\org\junit\jupiter\junit-jupiter\5.11.2\junit-jupiter-5.11.2.jar;C:\Users\abhay\.m2\repository\org\junit\jupiter\junit-jupiter-api\5.11.2\junit-jupiter-api-5.11.2.jar;C:\Users\abhay\.m2\repository\org\junit\platform\junit-platform-commons\1.11.2\junit-platform-commons-1.11.2.jar;C:\Users\abhay\.m2\repository\org\apiguardian\apiguardian-api\1.1.2\apiguardian-api-1.1.2.jar;C:\Users\abhay\.m2\repository\org\junit\jupiter\junit-jupiter-params\5.11.2\junit-jupiter-params-5.11.2.jar;C:\Users\abhay\.m2\repository\org\junit\jupiter\junit-jupiter-engine\5.11.2\junit-jupiter-engine-5.11.2.jar;C:\Users\abhay\.m2\repository\org\junit\platform\junit-platform-engine\1.11.2\junit-platform-engine-1.11.2.jar;C:\Users\abhay\.m2\repository\io\qase\qase-junit5-reporter\4.0.0\qase-junit5-reporter-4.0.0.jar;C:\Users\abhay\.m2\repository\io\qase\qase-java-commons\4.0.0\qase-java-commons-4.0.0.jar;C:\Users\abhay\.m2\repository\io\qase\qase-api-client\4.0.0\qase-api-client-4.0.0.jar;C:\Users\abhay\.m2\repository\com\squareup\okhttp3\okhttp\4.12.0\okhttp-4.12.0.jar;C:\Users\abhay\.m2\repository\com\squareup\okio\okio\3.6.0\okio-3.6.0.jar;C:\Users\abhay\.m2\repository\com\squareup\okio\okio-jvm\3.6.0\okio-jvm-3.6.0.jar;C:\Users\abhay\.m2\repository\org\apache\commons\commons-lang3\3.13.0\commons-lang3-3.13.0.jar;C:\Users\abhay\.m2\repository\org\apache\httpcomponents\httpmime\4.3.1\httpmime-4.3.1.jar;C:\Users\abhay\.m2\repository\org\apache\httpcomponents\httpclient\4.3.1\httpclient-4.3.1.jar;C:\Users\abhay\.m2\repository\org\apache\httpcomponents\httpcore\4.3\httpcore-4.3.jar;C:\Users\abhay\.m2\repository\commons-logging\commons-logging\1.1.3\commons-logging-1.1.3.jar;C:\Users\abhay\.m2\repository\org\aspectj\aspectjrt\1.8.9\aspectjrt-1.8.9.jar;C:\Users\abhay\.m2\repository\org\json\json\20231013\json-20231013.jar;C:\Users\abhay\.m2\repository\org\junit\platform\junit-platform-launcher\1.6.2\junit-platform-launcher-1.6.2.jar;C:\Users\abhay\.m2\repository\org\projectlombok\lombok\1.18.34\lombok-1.18.34.jar;C:\Users\abhay\.m2\repository\ch\qos\logback\logback-core\1.2.13\logback-core-1.2.13.jar;C:\Users\abhay\.m2\repository\ch\qos\logback\logback-classic\1.2.13\logback-classic-1.2.13.jar;C:\Users\abhay\.m2\repository\org\slf4j\slf4j-api\1.7.32\slf4j-api-1.7.32.jar;C:\Users\abhay\.m2\repository\io\qase\qase-junit5\3.2.1\qase-junit5-3.2.1.jar;C:\Users\abhay\.m2\repository\io\qase\qase-api\3.2.1\qase-api-3.2.1.jar;C:\Users\abhay\.m2\repository\org\openapitools\jackson-databind-nullable\0.2.4\jackson-databind-nullable-0.2.4.jar;C:\Users\abhay\.m2\repository\com\fasterxml\jackson\core\jackson-databind\2.14.0-rc2\jackson-databind-2.14.0-rc2.jar;C:\Users\abhay\.m2\repository\com\fasterxml\jackson\core\jackson-annotations\2.14.0-rc2\jackson-annotations-2.14.0-rc2.jar;C:\Users\abhay\.m2\repository\com\fasterxml\jackson\core\jackson-core\2.14.0-rc2\jackson-core-2.14.0-rc2.jar;C:\Users\abhay\.m2\repository\com\google\code\findbugs\jsr305\3.0.2\jsr305-3.0.2.jar;C:\Users\abhay\.m2\repository\javax\annotation\javax.annotation-api\1.3.2\javax.annotation-api-1.3.2.jar;C:\Users\abhay\.m2\repository\io\swagger\swagger-annotations\1.6.8\swagger-annotations-1.6.8.jar;C:\Users\abhay\.m2\repository\io\gsonfire\gson-fire\1.8.5\gson-fire-1.8.5.jar;C:\Users\abhay\.m2\repository\com\squareup\okhttp3\logging-interceptor\4.10.0\logging-interceptor-4.10.0.jar;C:\Users\abhay\.m2\repository\org\jetbrains\kotlin\kotlin-stdlib-jdk8\1.6.10\kotlin-stdlib-jdk8-1.6.10.jar;C:\Users\abhay\.m2\repository\org\jetbrains\kotlin\kotlin-stdlib\1.6.10\kotlin-stdlib-1.6.10.jar;C:\Users\abhay\.m2\repository\org\jetbrains\annotations\13.0\annotations-13.0.jar;C:\Users\abhay\.m2\repository\org\jetbrains\kotlin\kotlin-stdlib-common\1.6.10\kotlin-stdlib-common-1.6.10.jar;C:\Users\abhay\.m2\repository\org\jetbrains\kotlin\kotlin-stdlib-jdk7\1.6.10\kotlin-stdlib-jdk7-1.6.10.jar;C:\Users\abhay\.m2\repository\org\aeonbits\owner\owner-java8\1.0.12\owner-java8-1.0.12.jar;C:\Users\abhay\.m2\repository\org\aeonbits\owner\owner\1.0.12\owner-1.0.12.jar;C:\Users\abhay\.m2\repository\com\konghq\unirest-java\3.4.00\unirest-java-3.4.00.jar;C:\Users\abhay\.m2\repository\org\apache\httpcomponents\httpcore-nio\4.4.11\httpcore-nio-4.4.11.jar;C:\Users\abhay\.m2\repository\org\apache\httpcomponents\httpasyncclient\4.1.4\httpasyncclient-4.1.4.jar;C:\Users\abhay\.m2\repository\com\google\inject\guice\5.1.0\guice-5.1.0.jar;C:\Users\abhay\.m2\repository\javax\inject\javax.inject\1\javax.inject-1.jar;C:\Users\abhay\.m2\repository\aopalliance\aopalliance\1.0\aopalliance-1.0.jar;C:\Users\abhay\.m2\repository\com\google\guava\guava\30.1-jre\guava-30.1-jre.jar;C:\Users\abhay\.m2\repository\com\google\guava\failureaccess\1.0.1\failureaccess-1.0.1.jar;C:\Users\abhay\.m2\repository\com\google\guava\listenablefuture\9999.0-empty-to-avoid-conflict-with-guava\listenablefuture-9999.0-empty-to-avoid-conflict-with-guava.jar;C:\Users\abhay\.m2\repository\org\checkerframework\checker-qual\3.5.0\checker-qual-3.5.0.jar;C:\Users\abhay\.m2\repository\com\google\j2objc\j2objc-annotations\1.3\j2objc-annotations-1.3.jar;C:\Users\abhay\.m2\repository\javax\ws\rs\jsr311-api\1.1.1\jsr311-api-1.1.1.jar;C:\Users\abhay\.m2\repository\javax\ws\rs\javax.ws.rs-api\2.1.1\javax.ws.rs-api-2.1.1.jar;C:\Users\abhay\.m2\repository\com\microsoft\playwright\playwright\1.52.0\playwright-1.52.0.jar;C:\Users\abhay\.m2\repository\com\google\code\gson\gson\2.12.1\gson-2.12.1.jar;C:\Users\abhay\.m2\repository\com\google\errorprone\error_prone_annotations\2.36.0\error_prone_annotations-2.36.0.jar;C:\Users\abhay\.m2\repository\org\opentest4j\opentest4j\1.3.0\opentest4j-1.3.0.jar;C:\Users\abhay\.m2\repository\com\microsoft\playwright\driver\1.52.0\driver-1.52.0.jar;C:\Users\abhay\.m2\repository\com\microsoft\playwright\driver-bundle\1.52.0\driver-bundle-1.52.0.jar;C:\Users\abhay\.m2\repository\io\github\cdimascio\dotenv-java\3.0.0\dotenv-java-3.0.0.jar;C:\Users\abhay\.m2\repository\org\slf4j\slf4j-simple\2.0.12\slf4j-simple-2.0.12.jar;C:\Users\abhay\.m2\repository\org\apache\poi\poi\5.2.5\poi-5.2.5.jar;C:\Users\abhay\.m2\repository\commons-codec\commons-codec\1.16.0\commons-codec-1.16.0.jar;C:\Users\abhay\.m2\repository\org\apache\commons\commons-collections4\4.4\commons-collections4-4.4.jar;C:\Users\abhay\.m2\repository\org\apache\commons\commons-math3\3.6.1\commons-math3-3.6.1.jar;C:\Users\abhay\.m2\repository\commons-io\commons-io\2.15.0\commons-io-2.15.0.jar;C:\Users\abhay\.m2\repository\com\zaxxer\SparseBitSet\1.3\SparseBitSet-1.3.jar;C:\Users\abhay\.m2\repository\org\apache\logging\log4j\log4j-api\2.21.1\log4j-api-2.21.1.jar;C:\Users\abhay\.m2\repository\org\apache\poi\poi-ooxml\5.2.5\poi-ooxml-5.2.5.jar;C:\Users\abhay\.m2\repository\org\apache\poi\poi-ooxml-lite\5.2.5\poi-ooxml-lite-5.2.5.jar;C:\Users\abhay\.m2\repository\org\apache\xmlbeans\xmlbeans\5.2.0\xmlbeans-5.2.0.jar;C:\Users\abhay\.m2\repository\org\apache\commons\commons-compress\1.25.0\commons-compress-1.25.0.jar;C:\Users\abhay\.m2\repository\com\github\virtuald\curvesapi\1.08\curvesapi-1.08.jar;"/>
    <property name="sun.cpu.endian" value="little"/>
    <property name="user.home" value="C:\Users\abhay"/>
    <property name="user.language" value="en"/>
    <property name="java.specification.vendor" value="Oracle Corporation"/>
    <property name="java.version.date" value="2025-03-18"/>
    <property name="java.home" value="C:\Program Files\Java\jdk-24"/>
    <property name="file.separator" value="\"/>
    <property name="basedir" value="C:\IntelligentSearchProject\search"/>
    <property name="java.vm.compressedOopsMode" value="32-bit"/>
    <property name="QASE_DEBUG" value="true"/>
    <property name="line.separator" value="&#10;"/>
    <property name="java.vm.specification.vendor" value="Oracle Corporation"/>
    <property name="java.specification.name" value="Java Platform API Specification"/>
    <property name="QASE_CLIENT_REPORTER_NAME" value="JUnit 5"/>
    <property name="QASE_TESTOPS_API_TOKEN" value="d552f970929385c45f9cbdedc77870f47af614396e879cb1afb8a5a13f06c3e5"/>
    <property name="surefire.real.class.path" value="C:\Users\abhay\AppData\Local\Temp\surefire15660338102257426982\surefirebooter11069936642307315571.jar"/>
    <property name="user.script" value=""/>
    <property name="sun.management.compiler" value="HotSpot 64-Bit Tiered Compilers"/>
    <property name="QASE_TESTOPS_PROJECT" value="SEARCH"/>
    <property name="java.runtime.version" value="24+36-3646"/>
    <property name="user.name" value="abhay"/>
    <property name="stdout.encoding" value="Cp1252"/>
    <property name="path.separator" value=";"/>
    <property name="os.version" value="10.0"/>
    <property name="java.runtime.name" value="Java(TM) SE Runtime Environment"/>
    <property name="file.encoding" value="UTF-8"/>
    <property name="java.vm.name" value="Java HotSpot(TM) 64-Bit Server VM"/>
    <property name="localRepository" value="C:\Users\abhay\.m2\repository"/>
    <property name="java.vendor.url.bug" value="https://bugreport.java.com/bugreport/"/>
    <property name="java.io.tmpdir" value="C:\Users\abhay\AppData\Local\Temp\"/>
    <property name="java.version" value="24"/>
    <property name="user.dir" value="C:\IntelligentSearchProject\search"/>
    <property name="os.arch" value="amd64"/>
    <property name="java.vm.specification.name" value="Java Virtual Machine Specification"/>
    <property name="sun.os.patch.level" value=""/>
    <property name="native.encoding" value="Cp1252"/>
    <property name="java.library.path" value="C:\Program Files\Java\jdk-24\bin;C:\WINDOWS\Sun\Java\bin;C:\WINDOWS\system32;C:\WINDOWS;C:\Program Files\Common Files\Oracle\Java\javapath;C:\Program Files (x86)\Common Files\Oracle\Java\java8path;C:\Program Files (x86)\Common Files\Oracle\Java\javapath;C:\Python312\Scripts\;C:\Python312\;C:\Program Files\Eclipse Adoptium\jre-17.0.13.11-hotspot\bin;C:\Program Files\Eclipse Adoptium\jdk-17.0.13.11-hotspot\bin;C:\Program Files\Common Files\Oracle\Java\bin;C:\WINDOWS\system32;C:\WINDOWS;C:\WINDOWS\System32\Wbem;C:\WINDOWS\System32\WindowsPowerShell\v1.0\;C:\WINDOWS\System32\OpenSSH\;C:\ProgramData\chocolatey\bin;C:\Program Files\nodejs\;C:\Program Files\Java\jdk-24\bin;C:\Program Files\Maven\apache-maven-3.9.9\bin;C:\Program Files\Maven\apache-maven-3.9.9\bin;C:\Program Files\Java\jdk-24\bin;C:\Program Files\Git\cmd;C:\Users\abhay\AppData\Local\Microsoft\WindowsApps;C:\Program Files\JetBrains\IntelliJ IDEA Community Edition 2023.2.4\bin;;C:\Program Files\sf\bin;C:\Program Files\Eclipse Adoptium\jdk-17.0.13.11-hotspot\bin;C:\Users\abhay\AppData\Roaming\npm;C:\Users\abhay\AppData\Local\Programs\Microsoft VS Code\bin;c:\Users\abhay\AppData\Roaming\Code\User\globalStorage\github.copilot-chat\debugCommand;."/>
    <property name="java.vm.info" value="mixed mode, sharing"/>
    <property name="stderr.encoding" value="Cp1252"/>
    <property name="java.vendor" value="Oracle Corporation"/>
    <property name="java.vm.version" value="24+36-3646"/>
    <property name="QASE_MODE" value="testops"/>
    <property name="sun.io.unicode.encoding" value="UnicodeLittle"/>
    <property name="java.class.version" value="68.0"/>
  </properties>
  <testcase name="navigateToLoginPage" classname="com.qa.nal.SearchTests" time="8.062">
    <system-out><![CDATA[10:21:03.411 [main] INFO  i.q.commons.reporters.CoreReporter - Starting test run
10:21:05.235 [main] INFO  i.q.c.reporters.TestopsReporter - Test run 62 started
10:21:16.078 [main] INFO  io.qase.api.QaseClient - Qase project code - INTSEARCH
10:21:16.078 [main] INFO  io.qase.api.QaseClient - Required parameters 'QASE_RUN_ID' or 'QASE_RUN_NAME' aren't specified
10:21:24.114 [main] INFO  com.qa.nal.SearchTests - Navigating to login page: https://medtronic.neuron7.ai
10:21:24.136 [main] INFO  i.q.commons.reporters.CoreReporter - Adding result: {"id":"c1ae592d-e3db-4571-8d13-e451f870ca0f","title":"Navigate to Login","signature":"com:qa:nal::searchtests.java::searchtests::navigatetologinpage::1","testopsId":1,"execution":{"startTime":1751345476098,"status":"PASSED","endTime":1751345484136,"duration":8038},"fields":{},"attachments":[],"steps":[],"params":{},"paramGroups":[],"relations":{"suite":{"data":[{"title":"com.qa.nal.SearchTests","publicId":0}]}},"muted":false,"ignore":false}
]]></system-out>
  </testcase>
  <testcase name="performLogin" classname="com.qa.nal.SearchTests" time="1.079">
    <system-out><![CDATA[10:21:24.306 [main] INFO  com.qa.nal.SearchTests - Username field clicked
10:21:24.383 [main] INFO  com.qa.nal.SearchTests - Username field filled
10:21:24.490 [main] INFO  com.qa.nal.SearchTests - Password field clicked
10:21:24.570 [main] INFO  com.qa.nal.SearchTests - Password field filled
10:21:24.691 [main] INFO  com.qa.nal.SearchTests - Login button clicked
10:21:25.213 [main] INFO  com.qa.nal.SearchTests - Login successful, navigated to home page
10:21:25.215 [main] INFO  i.q.commons.reporters.CoreReporter - Adding result: {"id":"08615a32-4b61-435f-9918-90a82d29f9a5","title":"Perform Login","signature":"com:qa:nal::searchtests.java::searchtests::performlogin::2","testopsId":2,"execution":{"startTime":1751345484149,"status":"PASSED","endTime":1751345485215,"duration":1066},"fields":{},"attachments":[],"steps":[],"params":{},"paramGroups":[],"relations":{"suite":{"data":[{"title":"com.qa.nal.SearchTests","publicId":0}]}},"muted":false,"ignore":false}
]]></system-out>
  </testcase>
  <testcase name="handleInitialPopup" classname="com.qa.nal.SearchTests" time="0.036">
    <system-out><![CDATA[10:21:25.258 [main] INFO  i.q.commons.reporters.CoreReporter - Adding result: {"id":"6ace2b81-6b94-41f9-b6cc-5ac7b5e2a6db","title":"Handle Pop-Up","signature":"com:qa:nal::searchtests.java::searchtests::handleinitialpopup::3","testopsId":3,"execution":{"startTime":1751345485237,"status":"PASSED","endTime":1751345485258,"duration":21},"fields":{},"attachments":[],"steps":[],"params":{},"paramGroups":[],"relations":{"suite":{"data":[{"title":"com.qa.nal.SearchTests","publicId":0}]}},"muted":false,"ignore":false}
]]></system-out>
  </testcase>
  <testcase name="navigateToIntelligentSearch" classname="com.qa.nal.SearchTests" time="3.499">
    <system-out><![CDATA[10:21:28.765 [main] INFO  com.qa.nal.SearchTests - Intelligent Search Card Clicked!
10:21:28.766 [main] INFO  com.qa.nal.SearchTests - Intelligent Search successfully Opened!
10:21:28.767 [main] INFO  i.q.commons.reporters.CoreReporter - Adding result: {"id":"8035dcc7-85c5-4501-bbdb-18a36f93c8dd","title":"Navigate to Intelligent Search","signature":"com:qa:nal::searchtests.java::searchtests::navigatetointelligentsearch::4","testopsId":4,"execution":{"startTime":1751345485279,"status":"PASSED","endTime":1751345488767,"duration":3488},"fields":{},"attachments":[],"steps":[],"params":{},"paramGroups":[],"relations":{"suite":{"data":[{"title":"com.qa.nal.SearchTests","publicId":0}]}},"muted":false,"ignore":false}
]]></system-out>
  </testcase>
  <testcase name="testSearchQueries" classname="com.qa.nal.SearchTests" time="156.638">
    <failure type="org.opentest4j.AssertionFailedError"><![CDATA[org.opentest4j.AssertionFailedError: 
Test failed for query: malfunctioning - Error {
  message='Timeout 60000ms exceeded.
  name='TimeoutError
  stack='TimeoutError: Timeout 60000ms exceeded.
    at ProgressController.run (C:\Users\abhay\AppData\Local\Temp\playwright-java-5946624986834350906\package\lib\server\progress.js:76:26)
    at Frame.waitForSelector (C:\Users\abhay\AppData\Local\Temp\playwright-java-5946624986834350906\package\lib\server\frames.js:647:23)
    at FrameDispatcher.waitForSelector (C:\Users\abhay\AppData\Local\Temp\playwright-java-5946624986834350906\package\lib\server\dispatchers\frameDispatcher.js:82:116)
    at FrameDispatcher._handleCommand (C:\Users\abhay\AppData\Local\Temp\playwright-java-5946624986834350906\package\lib\server\dispatchers\dispatcher.js:94:40)
    at DispatcherConnection.dispatch (C:\Users\abhay\AppData\Local\Temp\playwright-java-5946624986834350906\package\lib\server\dispatchers\dispatcher.js:307:39)
}
Call log:
-   - waiting for locator("pdf-viewer").locator("div") to be visible

	at com.qa.nal.SearchTests.testSearchQueries(SearchTests.java:494)
]]></failure>
    <system-out><![CDATA[Queries loaded from Excel: [malfunctioning, mc-pm10n, what are the details of case 1 including reason for service return any observed issues patient information complications and previous reports, what are the necessary steps to repair and safely oper]
10:21:29.764 [main] INFO  com.qa.nal.SearchTests - Last Query: what are the necessary steps to repair and safely oper
10:21:29.837 [main] INFO  com.qa.nal.SearchTests - Search Field Filled with: malfunctioning
10:21:31.967 [main] INFO  com.qa.nal.SearchTests - Search button Clicked!
10:21:33.855 [main] INFO  com.qa.nal.SearchTests - Solutions found for Copy Link
10:21:34.011 [main] INFO  com.qa.nal.SearchTests - Solutions found
10:21:34.021 [main] INFO  com.qa.nal.SearchTests - Solution List size: 11
10:21:34.028 [main] INFO  com.qa.nal.SearchTests - stealthstation technical training workbook (uc202213290) | uc202213290b_en_s8_workbook_fy24.pdf
10:21:34.033 [main] INFO  com.qa.nal.SearchTests - o-arm software releases 4.1.0 and older | motiondiff410vs420.pdf
10:21:34.036 [main] INFO  com.qa.nal.SearchTests - mazor return materials authorization | wpr0020_01_return_material_authorization_revk.pdf
10:21:34.039 [main] INFO  com.qa.nal.SearchTests - mazor x j5 manipulator valve | srv0254_01_rev_a_j5_manipulator_valve.pdf
10:21:34.044 [main] INFO  com.qa.nal.SearchTests - mazor stylus calibration | srv0248_01_stylus_calibration_reva_4.pdf
10:21:34.050 [main] INFO  com.qa.nal.SearchTests - mazor x stealth edition technical service training | uc202304160cen_et_mazor_x_technical_training_powerpoint.pdf
10:21:34.054 [main] INFO  com.qa.nal.SearchTests - mazor x advanced service manual pdf | srv0252_mazor_x_advanced_service_manual_revd.pdf
10:21:34.056 [main] INFO  com.qa.nal.SearchTests - mazor x stealth edition technical service training (student workbook) | uc202304164d_en_revd_mazor_x_technical_training_course_workbook.pdf
10:21:34.058 [main] INFO  com.qa.nal.SearchTests - o-arm o2 shared service training manual | o2_week_1_uc201805527h_training_manual_jan2024.pdf
10:21:34.064 [main] INFO  com.qa.nal.SearchTests - stealthstation™s8
advanced service
manual | 9735627td_s8_advanced_service_manual_rev_g.pdf
10:21:34.067 [main] INFO  com.qa.nal.SearchTests - o-arm o2 technical training for advanced service | o2_week_2_uc202304276a_en_o-arm_o2_tech_training_for_advanced_service_workbook.pdf
10:21:36.576 [main] INFO  com.qa.nal.SearchTests - Filters found!
10:21:36.581 [main] INFO  com.qa.nal.SearchTests - Total filter checkboxes found: 5
10:21:36.587 [main] INFO  com.qa.nal.SearchTests - Filter option: '  Mazor (4)', Result count: 4
10:21:38.731 [main] INFO  com.qa.nal.SearchTests - Solutions found
10:21:38.734 [main] INFO  com.qa.nal.SearchTests - Solution List size: 4
10:21:38.737 [main] INFO  com.qa.nal.SearchTests - mazor return materials authorization | wpr0020_01_return_material_authorization_revk.pdf
10:21:38.742 [main] INFO  com.qa.nal.SearchTests - mazor x j5 manipulator valve | srv0254_01_rev_a_j5_manipulator_valve.pdf
10:21:38.745 [main] INFO  com.qa.nal.SearchTests - mazor stylus calibration | srv0248_01_stylus_calibration_reva_4.pdf
10:21:38.749 [main] INFO  com.qa.nal.SearchTests - mazor x advanced service manual pdf | srv0252_mazor_x_advanced_service_manual_revd.pdf
10:21:38.749 [main] INFO  com.qa.nal.SearchTests - ✅ Results Validated! Filter Result: 4, Visible Results: 4
10:21:38.752 [main] INFO  com.qa.nal.SearchTests - Index: 0
10:21:38.752 [main] INFO  com.qa.nal.SearchTests - Text: mazor return materials authorization | wpr0020_01_return_material_authorization_revk.pdf
10:21:55.713 [main] INFO  com.qa.nal.SearchTests - No additional results found.
10:22:02.185 [main] INFO  com.qa.nal.SearchTests - Index: 2
10:22:02.185 [main] INFO  com.qa.nal.SearchTests - Text: mazor stylus calibration | srv0248_01_stylus_calibration_reva_4.pdf
Saved failure screenshot: C:\IntelligentSearchProject\search\screenshots\testSearchQueries().png
10:24:05.410 [main] INFO  i.q.commons.reporters.CoreReporter - Adding result: {"id":"10c4ab1c-9295-40e1-844d-b9bbca2f16dc","title":"Search Query","signature":"com:qa:nal::searchtests.java::searchtests::testsearchqueries::5","testopsId":5,"execution":{"startTime":1751345488778,"status":"FAILED","endTime":1751345645410,"duration":156632,"stacktrace":"org.opentest4j.AssertionFailedError: Test failed for query: malfunctioning - Error {\n  message\u003d\u0027Timeout 60000ms exceeded.\n  name\u003d\u0027TimeoutError\n  stack\u003d\u0027TimeoutError: Timeout 60000ms exceeded.\n    at ProgressController.run (C:\\Users\\abhay\\AppData\\Local\\Temp\\playwright-java-5946624986834350906\\package\\lib\\server\\progress.js:76:26)\n    at Frame.waitForSelector (C:\\Users\\abhay\\AppData\\Local\\Temp\\playwright-java-5946624986834350906\\package\\lib\\server\\frames.js:647:23)\n    at FrameDispatcher.waitForSelector (C:\\Users\\abhay\\AppData\\Local\\Temp\\playwright-java-5946624986834350906\\package\\lib\\server\\dispatchers\\frameDispatcher.js:82:116)\n    at FrameDispatcher._handleCommand (C:\\Users\\abhay\\AppData\\Local\\Temp\\playwright-java-5946624986834350906\\package\\lib\\server\\dispatchers\\dispatcher.js:94:40)\n    at DispatcherConnection.dispatch (C:\\Users\\abhay\\AppData\\Local\\Temp\\playwright-java-5946624986834350906\\package\\lib\\server\\dispatchers\\dispatcher.js:307:39)\n}\nCall log:\n-   - waiting for locator(\"pdf-viewer\").locator(\"div\") to be visible\n\r\n\tat org.junit.jupiter.api.AssertionUtils.fail(AssertionUtils.java:38)\r\n\tat org.junit.jupiter.api.Assertions.fail(Assertions.java:138)\r\n\tat com.qa.nal.SearchTests.testSearchQueries(SearchTests.java:494)\r\n\tat java.base/jdk.internal.reflect.DirectMethodHandleAccessor.invoke(DirectMethodHandleAccessor.java:104)\r\n\tat java.base/java.lang.reflect.Method.invoke(Method.java:565)\r\n\tat org.junit.platform.commons.util.ReflectionUtils.invokeMethod(ReflectionUtils.java:766)\r\n\tat org.junit.jupiter.engine.execution.MethodInvocation.proceed(MethodInvocation.java:60)\r\n\tat org.junit.jupiter.engine.execution.InvocationInterceptorChain$ValidatingInvocation.proceed(InvocationInterceptorChain.java:131)\r\n\tat io.qase.junit5.QaseListener.interceptTestMethod(QaseListener.java:67)\r\n\tat org.junit.jupiter.engine.execution.InterceptingExecutableInvoker$ReflectiveInterceptorCall.lambda$ofVoidMethod$0(InterceptingExecutableInvoker.java:103)\r\n\tat org.junit.jupiter.engine.execution.InterceptingExecutableInvoker.lambda$invoke$0(InterceptingExecutableInvoker.java:93)\r\n\tat org.junit.jupiter.engine.execution.InvocationInterceptorChain$InterceptedInvocation.proceed(InvocationInterceptorChain.java:106)\r\n\tat org.junit.jupiter.engine.extension.TimeoutExtension.intercept(TimeoutExtension.java:156)\r\n\tat org.junit.jupiter.engine.extension.TimeoutExtension.interceptTestableMethod(TimeoutExtension.java:147)\r\n\tat org.junit.jupiter.engine.extension.TimeoutExtension.interceptTestMethod(TimeoutExtension.java:86)\r\n\tat org.junit.jupiter.engine.execution.InterceptingExecutableInvoker$ReflectiveInterceptorCall.lambda$ofVoidMethod$0(InterceptingExecutableInvoker.java:103)\r\n\tat org.junit.jupiter.engine.execution.InterceptingExecutableInvoker.lambda$invoke$0(InterceptingExecutableInvoker.java:93)\r\n\tat org.junit.jupiter.engine.execution.InvocationInterceptorChain$InterceptedInvocation.proceed(InvocationInterceptorChain.java:106)\r\n\tat org.junit.jupiter.engine.execution.InvocationInterceptorChain.proceed(InvocationInterceptorChain.java:64)\r\n\tat org.junit.jupiter.engine.execution.InvocationInterceptorChain.chainAndInvoke(InvocationInterceptorChain.java:45)\r\n\tat org.junit.jupiter.engine.execution.InvocationInterceptorChain.invoke(InvocationInterceptorChain.java:37)\r\n\tat org.junit.jupiter.engine.execution.InterceptingExecutableInvoker.invoke(InterceptingExecutableInvoker.java:92)\r\n\tat org.junit.jupiter.engine.execution.InterceptingExecutableInvoker.invoke(InterceptingExecutableInvoker.java:86)\r\n\tat org.junit.jupiter.engine.descriptor.TestMethodTestDescriptor.lambda$invokeTestMethod$8(TestMethodTestDescriptor.java:217)\r\n\tat org.junit.platform.engine.support.hierarchical.ThrowableCollector.execute(ThrowableCollector.java:73)\r\n\tat org.junit.jupiter.engine.descriptor.TestMethodTestDescriptor.invokeTestMethod(TestMethodTestDescriptor.java:213)\r\n\tat org.junit.jupiter.engine.descriptor.TestMethodTestDescriptor.execute(TestMethodTestDescriptor.java:138)\r\n\tat org.junit.jupiter.engine.descriptor.TestMethodTestDescriptor.execute(TestMethodTestDescriptor.java:68)\r\n\tat org.junit.platform.engine.support.hierarchical.NodeTestTask.lambda$executeRecursively$6(NodeTestTask.java:156)\r\n\tat org.junit.platform.engine.support.hierarchical.ThrowableCollector.execute(ThrowableCollector.java:73)\r\n\tat org.junit.platform.engine.support.hierarchical.NodeTestTask.lambda$executeRecursively$8(NodeTestTask.java:146)\r\n\tat org.junit.platform.engine.support.hierarchical.Node.around(Node.java:137)\r\n\tat org.junit.platform.engine.support.hierarchical.NodeTestTask.lambda$executeRecursively$9(NodeTestTask.java:144)\r\n\tat org.junit.platform.engine.support.hierarchical.ThrowableCollector.execute(ThrowableCollector.java:73)\r\n\tat org.junit.platform.engine.support.hierarchical.NodeTestTask.executeRecursively(NodeTestTask.java:143)\r\n\tat org.junit.platform.engine.support.hierarchical.NodeTestTask.execute(NodeTestTask.java:100)\r\n\tat java.base/java.util.ArrayList.forEach(ArrayList.java:1604)\r\n\tat org.junit.platform.engine.support.hierarchical.SameThreadHierarchicalTestExecutorService.invokeAll(SameThreadHierarchicalTestExecutorService.java:41)\r\n\tat org.junit.platform.engine.support.hierarchical.NodeTestTask.lambda$executeRecursively$6(NodeTestTask.java:160)\r\n\tat org.junit.platform.engine.support.hierarchical.ThrowableCollector.execute(ThrowableCollector.java:73)\r\n\tat org.junit.platform.engine.support.hierarchical.NodeTestTask.lambda$executeRecursively$8(NodeTestTask.java:146)\r\n\tat org.junit.platform.engine.support.hierarchical.Node.around(Node.java:137)\r\n\tat org.junit.platform.engine.support.hierarchical.NodeTestTask.lambda$executeRecursively$9(NodeTestTask.java:144)\r\n\tat org.junit.platform.engine.support.hierarchical.ThrowableCollector.execute(ThrowableCollector.java:73)\r\n\tat org.junit.platform.engine.support.hierarchical.NodeTestTask.executeRecursively(NodeTestTask.java:143)\r\n\tat org.junit.platform.engine.support.hierarchical.NodeTestTask.execute(NodeTestTask.java:100)\r\n\tat java.base/java.util.ArrayList.forEach(ArrayList.java:1604)\r\n\tat org.junit.platform.engine.support.hierarchical.SameThreadHierarchicalTestExecutorService.invokeAll(SameThreadHierarchicalTestExecutorService.java:41)\r\n\tat org.junit.platform.engine.support.hierarchical.NodeTestTask.lambda$executeRecursively$6(NodeTestTask.java:160)\r\n\tat org.junit.platform.engine.support.hierarchical.ThrowableCollector.execute(ThrowableCollector.java:73)\r\n\tat org.junit.platform.engine.support.hierarchical.NodeTestTask.lambda$executeRecursively$8(NodeTestTask.java:146)\r\n\tat org.junit.platform.engine.support.hierarchical.Node.around(Node.java:137)\r\n\tat org.junit.platform.engine.support.hierarchical.NodeTestTask.lambda$executeRecursively$9(NodeTestTask.java:144)\r\n\tat org.junit.platform.engine.support.hierarchical.ThrowableCollector.execute(ThrowableCollector.java:73)\r\n\tat org.junit.platform.engine.support.hierarchical.NodeTestTask.executeRecursively(NodeTestTask.java:143)\r\n\tat org.junit.platform.engine.support.hierarchical.NodeTestTask.execute(NodeTestTask.java:100)\r\n\tat org.junit.platform.engine.support.hierarchical.SameThreadHierarchicalTestExecutorService.submit(SameThreadHierarchicalTestExecutorService.java:35)\r\n\tat org.junit.platform.engine.support.hierarchical.HierarchicalTestExecutor.execute(HierarchicalTestExecutor.java:57)\r\n\tat org.junit.platform.engine.support.hierarchical.HierarchicalTestEngine.execute(HierarchicalTestEngine.java:54)\r\n\tat org.junit.platform.launcher.core.DefaultLauncher.execute(DefaultLauncher.java:248)\r\n\tat org.junit.platform.launcher.core.DefaultLauncher.lambda$execute$5(DefaultLauncher.java:211)\r\n\tat org.junit.platform.launcher.core.DefaultLauncher.withInterceptedStreams(DefaultLauncher.java:226)\r\n\tat org.junit.platform.launcher.core.DefaultLauncher.execute(DefaultLauncher.java:199)\r\n\tat org.junit.platform.launcher.core.DefaultLauncher.execute(DefaultLauncher.java:132)\r\n\tat org.apache.maven.surefire.junitplatform.JUnitPlatformProvider.execute(JUnitPlatformProvider.java:188)\r\n\tat org.apache.maven.surefire.junitplatform.JUnitPlatformProvider.invokeAllTests(JUnitPlatformProvider.java:154)\r\n\tat org.apache.maven.surefire.junitplatform.JUnitPlatformProvider.invoke(JUnitPlatformProvider.java:128)\r\n\tat org.apache.maven.surefire.booter.ForkedBooter.runSuitesInProcess(ForkedBooter.java:428)\r\n\tat org.apache.maven.surefire.booter.ForkedBooter.execute(ForkedBooter.java:162)\r\n\tat org.apache.maven.surefire.booter.ForkedBooter.run(ForkedBooter.java:562)\r\n\tat org.apache.maven.surefire.booter.ForkedBooter.main(ForkedBooter.java:548)\r\n"},"fields":{},"attachments":[],"steps":[],"params":{},"paramGroups":[],"relations":{"suite":{"data":[{"title":"com.qa.nal.SearchTests","publicId":0}]}},"muted":false,"message":"org.opentest4j.AssertionFailedError: Test failed for query: malfunctioning - Error {\n  message\u003d\u0027Timeout 60000ms exceeded.\n  name\u003d\u0027TimeoutError\n  stack\u003d\u0027TimeoutError: Timeout 60000ms exceeded.\n    at ProgressController.run (C:\\Users\\abhay\\AppData\\Local\\Temp\\playwright-java-5946624986834350906\\package\\lib\\server\\progress.js:76:26)\n    at Frame.waitForSelector (C:\\Users\\abhay\\AppData\\Local\\Temp\\playwright-java-5946624986834350906\\package\\lib\\server\\frames.js:647:23)\n    at FrameDispatcher.waitForSelector (C:\\Users\\abhay\\AppData\\Local\\Temp\\playwright-java-5946624986834350906\\package\\lib\\server\\dispatchers\\frameDispatcher.js:82:116)\n    at FrameDispatcher._handleCommand (C:\\Users\\abhay\\AppData\\Local\\Temp\\playwright-java-5946624986834350906\\package\\lib\\server\\dispatchers\\dispatcher.js:94:40)\n    at DispatcherConnection.dispatch (C:\\Users\\abhay\\AppData\\Local\\Temp\\playwright-java-5946624986834350906\\package\\lib\\server\\dispatchers\\dispatcher.js:307:39)\n}\nCall log:\n-   - waiting for locator(\"pdf-viewer\").locator(\"div\") to be visible\n","ignore":false}
10:24:05.412 [main] INFO  i.q.c.reporters.TestopsReporter - See why this test failed: https://app.qase.io/run/SEARCH/dashboard/62?source=logs&status=%5B2%5D&search=5
]]></system-out>
    <system-err><![CDATA[ERROR StatusLogger Log4j2 could not find a logging implementation. Please add log4j-core to the classpath. Using SimpleLogger to log to the console...
]]></system-err>
  </testcase>
  <testcase name="searchLastQuery" classname="com.qa.nal.SearchTests" time="16.771">
    <system-out><![CDATA[10:24:05.508 [main] INFO  com.qa.nal.SearchTests - Search Field Filled with: what are the necessary steps to repair and safely oper
10:24:07.630 [main] INFO  com.qa.nal.SearchTests - Search button Clicked!
10:24:07.630 [main] INFO  com.qa.nal.SearchTests - last Query found!
10:24:15.680 [main] INFO  com.qa.nal.SearchTests - Solutions found
10:24:15.687 [main] INFO  com.qa.nal.SearchTests - Solution List size: 12
10:24:15.692 [main] INFO  com.qa.nal.SearchTests - shfrm generator .troubleshooting .8. .check the pre-charge resistance r1 (20 , 100 w)..g .if the pr... | sedecal_service_manual_-_rev7_-_firmware_v03r00.02_5._troubleshooting-1124r6.pdf
10:24:15.695 [main] INFO  com.qa.nal.SearchTests - mazor x repair small external paint damage | srv0253_01_repairing_small_external_paint_damages_in_mazor_x_systems__reva.pdf
10:24:15.698 [main] INFO  com.qa.nal.SearchTests - o-arm™o2
imaging system
advanced service
manual | 9735523td_o2_adv_srvc_man_revg.pdf
10:24:15.702 [main] INFO  com.qa.nal.SearchTests - mazor surgeon screen usb cable | srv0151_01_surgeon_screen_usb_cable_reva_12.pdf
10:24:15.705 [main] INFO  com.qa.nal.SearchTests - mazor computer upgrade or replacement | srv0249_01_computer_upgrade_or_replacement_reva_3.pdf
10:24:15.708 [main] INFO  com.qa.nal.SearchTests - mazor x advanced service manual pdf | srv0252_mazor_x_advanced_service_manual_revd.pdf
10:24:15.711 [main] INFO  com.qa.nal.SearchTests - o-arm o2 shared service training manual | o2_week_1_uc201805527h_training_manual_jan2024.pdf
10:24:15.715 [main] INFO  com.qa.nal.SearchTests - o-arm o2 vcp detector error codes | o2-detector_errors.pdf
10:24:15.717 [main] INFO  com.qa.nal.SearchTests - stealthstation technical training workbook (uc202213290) | uc202213290b_en_s8_workbook_fy24.pdf
10:24:15.719 [main] INFO  com.qa.nal.SearchTests - 0._service_manual_covers 0 service manual covers shfrm generator
troubleshooting

g

if the connecti... | 0._service_manual_covers.pdf
10:24:15.723 [main] INFO  com.qa.nal.SearchTests - sedecal service manual - rev5 - firmware v02r02.02_sedecal service manual - rev5 - firmware v02r02.0... | sedecal_service_manual_-_rev5_-_firmware_v02r02.02_5._troubleshooting-1124r5.pdf
10:24:15.727 [main] INFO  com.qa.nal.SearchTests - mazor return materials authorization | wpr0020_01_return_material_authorization_revk.pdf
10:24:22.185 [main] INFO  i.q.commons.reporters.CoreReporter - Adding result: {"id":"5be5f093-8a07-450b-b6d5-0d676536c4e3","title":"Test Last Query in sheet","signature":"com:qa:nal::searchtests.java::searchtests::searchlastquery::6","testopsId":6,"execution":{"startTime":1751345645421,"status":"PASSED","endTime":1751345662185,"duration":16764},"fields":{},"attachments":[],"steps":[],"params":{},"paramGroups":[],"relations":{"suite":{"data":[{"title":"com.qa.nal.SearchTests","publicId":0}]}},"muted":false,"ignore":false}
]]></system-out>
  </testcase>
  <testcase name="navigateToLogManangement" classname="com.qa.nal.SearchTests" time="3.26">
    <system-out><![CDATA[10:24:22.303 [main] INFO  com.qa.nal.SearchTests - Sidebar hovered
10:24:24.408 [main] INFO  com.qa.nal.SearchTests - Intelligent Search clicked
10:24:24.534 [main] INFO  com.qa.nal.SearchTests - Log Management Cicked
10:24:25.441 [main] INFO  com.qa.nal.SearchTests - Log Management page loaded successfully
10:24:25.445 [main] INFO  i.q.commons.reporters.CoreReporter - Adding result: {"id":"ec9b1db6-16c6-461a-8036-305bcf6d41b8","title":"Navigate to Log Management","signature":"com:qa:nal::searchtests.java::searchtests::navigatetologmanangement::7","testopsId":7,"execution":{"startTime":1751345662191,"status":"PASSED","endTime":1751345665444,"duration":3253},"fields":{},"attachments":[],"steps":[],"params":{},"paramGroups":[],"relations":{"suite":{"data":[{"title":"com.qa.nal.SearchTests","publicId":0}]}},"muted":false,"ignore":false}
]]></system-out>
  </testcase>
  <testcase name="manageLogs" classname="com.qa.nal.SearchTests" time="5.377">
    <system-out><![CDATA[10:24:28.592 [main] INFO  com.qa.nal.SearchTests - Clicked edit icon.
10:24:28.699 [main] INFO  com.qa.nal.SearchTests - Create New KB checked.
10:24:30.823 [main] INFO  com.qa.nal.SearchTests - Save clicked.
10:24:30.823 [main] INFO  i.q.commons.reporters.CoreReporter - Adding result: {"id":"2ae8aa47-148e-4d7c-8f0d-ffb6bd13ff8f","title":"Create New KB","signature":"com:qa:nal::searchtests.java::searchtests::managelogs::8","testopsId":8,"execution":{"startTime":1751345665453,"status":"PASSED","endTime":1751345670823,"duration":5370},"fields":{},"attachments":[],"steps":[],"params":{},"paramGroups":[],"relations":{"suite":{"data":[{"title":"com.qa.nal.SearchTests","publicId":0}]}},"muted":false,"ignore":false}
]]></system-out>
  </testcase>
  <testcase name="navigateSelfServiceIntelligentSearch" classname="com.qa.nal.SearchTests" time="6.115">
    <system-out><![CDATA[10:24:31.910 [main] INFO  com.qa.nal.SearchTests - Sidebar hovered
10:24:34.012 [main] INFO  com.qa.nal.SearchTests - Self Service Intelligent Search Clicked
10:24:34.934 [main] INFO  com.qa.nal.SearchTests - Self Service Intelligent Search page loaded successfully
10:24:36.945 [main] INFO  i.q.commons.reporters.CoreReporter - Adding result: {"id":"10dd45fe-66a3-4866-bb74-13775d8fc692","title":"Navigate to Self Service Intelligent Search","signature":"com:qa:nal::searchtests.java::searchtests::navigateselfserviceintelligentsearch::9","testopsId":9,"execution":{"startTime":1751345670835,"status":"PASSED","endTime":1751345676945,"duration":6110},"fields":{},"attachments":[],"steps":[],"params":{},"paramGroups":[],"relations":{"suite":{"data":[{"title":"com.qa.nal.SearchTests","publicId":0}]}},"muted":false,"ignore":false}
]]></system-out>
  </testcase>
  <testcase name="testUploadFile" classname="com.qa.nal.SearchTests" time="14.374">
    <system-out><![CDATA[10:24:37.070 [main] INFO  com.qa.nal.SearchTests - File input hovered
10:24:48.182 [main] INFO  com.qa.nal.SearchTests - Modal Input field not found!
10:24:49.308 [main] INFO  com.qa.nal.SearchTests - File uploaded successfully!
10:24:51.322 [main] INFO  i.q.commons.reporters.CoreReporter - Adding result: {"id":"9ef1a29d-3840-488f-8684-14bdfe46f9df","title":"Upload File","signature":"com:qa:nal::searchtests.java::searchtests::testuploadfile::10","testopsId":10,"execution":{"startTime":1751345676951,"status":"PASSED","endTime":1751345691322,"duration":14371},"fields":{},"attachments":[],"steps":[],"params":{},"paramGroups":[],"relations":{"suite":{"data":[{"title":"com.qa.nal.SearchTests","publicId":0}]}},"muted":false,"ignore":false}
]]></system-out>
  </testcase>
  <testcase name="navigateUploadedKBManagement" classname="com.qa.nal.SearchTests" time="4.913">
    <system-out><![CDATA[10:24:51.444 [main] INFO  com.qa.nal.SearchTests - Sidebar hovered
10:24:53.567 [main] INFO  com.qa.nal.SearchTests - Uploaded KB Management Clicked
10:24:54.225 [main] INFO  com.qa.nal.SearchTests - Uploaded KB Management page loaded successfully
10:24:56.235 [main] INFO  i.q.commons.reporters.CoreReporter - Adding result: {"id":"8aa65041-5432-4e9d-a999-a5e9e7e6cf2a","title":"Navigate to Uploaded KB Management","signature":"com:qa:nal::searchtests.java::searchtests::navigateuploadedkbmanagement::11","testopsId":11,"execution":{"startTime":1751345691324,"status":"PASSED","endTime":1751345696235,"duration":4911},"fields":{},"attachments":[],"steps":[],"params":{},"paramGroups":[],"relations":{"suite":{"data":[{"title":"com.qa.nal.SearchTests","publicId":0}]}},"muted":false,"ignore":false}
]]></system-out>
  </testcase>
  <testcase name="manageKb" classname="com.qa.nal.SearchTests" time="20.294">
    <system-out><![CDATA[10:24:57.392 [main] INFO  com.qa.nal.SearchTests - Clicked eye icon.
10:24:57.514 [main] INFO  com.qa.nal.SearchTests - Clicked File Preview.
10:25:01.126 [main] INFO  com.qa.nal.SearchTests - Clicked File Tags.
10:25:12.135 [main] INFO  com.qa.nal.SearchTests - Add New Tags button not found!
10:25:12.135 [main] INFO  com.qa.nal.SearchTests - No Data found for Tags.
10:25:12.276 [main] INFO  com.qa.nal.SearchTests - Clicked Transaction Logs.
10:25:13.396 [main] INFO  com.qa.nal.SearchTests - Clicked eye icon on Transaction Logs.
10:25:14.499 [main] INFO  com.qa.nal.SearchTests - Clicked Back button.
10:25:15.518 [main] INFO  com.qa.nal.SearchTests - Transaction Logs loaded successfully.
10:25:16.528 [main] INFO  i.q.commons.reporters.CoreReporter - Adding result: {"id":"3ef07e45-f8f3-4b11-ac3c-d941287adf55","title":"Manage KB","signature":"com:qa:nal::searchtests.java::searchtests::managekb::12","testopsId":12,"execution":{"startTime":1751345696241,"status":"PASSED","endTime":1751345716528,"duration":20287},"fields":{},"attachments":[],"steps":[],"params":{},"paramGroups":[],"relations":{"suite":{"data":[{"title":"com.qa.nal.SearchTests","publicId":0}]}},"muted":false,"ignore":false}
]]></system-out>
  </testcase>
</testsuite>